C:\USERS\ADMINISTRATOR\DESKTOP\VORONOIPROJECT\VORONOIPROJECT\DEBUG\MAIN.OBJ
C:\USERS\ADMINISTRATOR\DESKTOP\VORONOIPROJECT\VORONOIPROJECT\DEBUG\VC110.PDB
C:\USERS\ADMINISTRATOR\DESKTOP\VORONOIPROJECT\DEBUG\VORONOIPROJECT.ILK
C:\USERS\ADMINISTRATOR\DESKTOP\VORONOIPROJECT\DEBUG\VORONOIPROJECT.EXE
C:\USERS\ADMINISTRATOR\DESKTOP\VORONOIPROJECT\DEBUG\VORONOIPROJECT.PDB
C:\Users\Administrator\Desktop\VoronoiProject\VoronoiProject\Debug\main.obj
C:\Users\Administrator\Desktop\VoronoiProject\VoronoiProject\Debug\cl.command.1.tlog
C:\Users\Administrator\Desktop\VoronoiProject\VoronoiProject\Debug\CL.read.1.tlog
C:\Users\Administrator\Desktop\VoronoiProject\VoronoiProject\Debug\CL.write.1.tlog
C:\Users\Administrator\Desktop\VoronoiProject\VoronoiProject\Debug\link-cvtres.read.1.tlog
C:\Users\Administrator\Desktop\VoronoiProject\VoronoiProject\Debug\link-cvtres.write.1.tlog
C:\Users\Administrator\Desktop\VoronoiProject\VoronoiProject\Debug\link-rc.read.1.tlog
C:\Users\Administrator\Desktop\VoronoiProject\VoronoiProject\Debug\link-rc.write.1.tlog
C:\Users\Administrator\Desktop\VoronoiProject\VoronoiProject\Debug\link.command.1.tlog
C:\Users\Administrator\Desktop\VoronoiProject\VoronoiProject\Debug\link.read.1.tlog
C:\Users\Administrator\Desktop\VoronoiProject\VoronoiProject\Debug\link.write.1.tlog
C:\Users\Administrator\Desktop\VoronoiProject\VoronoiProject\Debug\vc110.idb
C:\Users\Administrator\Desktop\VoronoiProject\VoronoiProject\Debug\vc110.pdb
C:\Users\Administrator\Desktop\VoronoiProject\Debug\VoronoiProject.pdb
C:\Users\Administrator\Desktop\VoronoiProject\Debug\VoronoiProject.exe
C:\Users\Administrator\Desktop\VoronoiProject\Debug\VoronoiProject.ilk
